{"D:\\projects\\NYTMostViewed\\pages\\detailScreen\\index.js": {"path":"D:\\projects\\NYTMostViewed\\pages\\detailScreen\\index.js","statementMap":{"0":{"start":{"line":5,"column":27},"end":{"line":5,"column":32}},"1":{"start":{"line":6,"column":18},"end":{"line":6,"column":46}},"2":{"start":{"line":7,"column":21},"end":{"line":7,"column":52}},"3":{"start":{"line":8,"column":4},"end":{"line":13,"column":6}},"4":{"start":{"line":16,"column":0},"end":{"line":20,"column":2}},"5":{"start":{"line":17,"column":4},"end":{"line":19,"column":6}},"6":{"start":{"line":21,"column":15},"end":{"line":24,"column":2}}},"fnMap":{"0":{"name":"DetailsScreen","decl":{"start":{"line":4,"column":24},"end":{"line":4,"column":37}},"loc":{"start":{"line":4,"column":45},"end":{"line":14,"column":1}},"line":4},"1":{"name":"(anonymous_1)","decl":{"start":{"line":16,"column":34},"end":{"line":16,"column":35}},"loc":{"start":{"line":16,"column":54},"end":{"line":20,"column":1}},"line":16}},"branchMap":{},"s":{"0":1,"1":1,"2":1,"3":1,"4":1,"5":1,"6":1},"f":{"0":1,"1":1},"b":{},"_coverageSchema":"43e27e138ebf9cfc5966b082cf9a028302ed4184","hash":"fb2aacd766bdf718b536102667c5153d2556ed5c"}
,"D:\\projects\\NYTMostViewed\\pages\\homeScreen\\index.js": {"path":"D:\\projects\\NYTMostViewed\\pages\\homeScreen\\index.js","statementMap":{"0":{"start":{"line":5,"column":21},"end":{"line":5,"column":43}},"1":{"start":{"line":5,"column":31},"end":{"line":5,"column":43}},"2":{"start":{"line":6,"column":17},"end":{"line":38,"column":1}},"3":{"start":{"line":8,"column":4},"end":{"line":34,"column":5}},"4":{"start":{"line":9,"column":8},"end":{"line":9,"column":68}},"5":{"start":{"line":10,"column":11},"end":{"line":34,"column":5}},"6":{"start":{"line":11,"column":8},"end":{"line":33,"column":10}},"7":{"start":{"line":14,"column":38},"end":{"line":31,"column":31}},"8":{"start":{"line":16,"column":20},"end":{"line":20,"column":22}},"9":{"start":{"line":35,"column":4},"end":{"line":37,"column":11}},"10":{"start":{"line":39,"column":0},"end":{"line":39,"column":180}},"11":{"start":{"line":42,"column":0},"end":{"line":53,"column":2}},"12":{"start":{"line":43,"column":4},"end":{"line":52,"column":5}},"13":{"start":{"line":47,"column":16},"end":{"line":47,"column":39}},"14":{"start":{"line":55,"column":15},"end":{"line":62,"column":2}}},"fnMap":{"0":{"name":"(anonymous_0)","decl":{"start":{"line":5,"column":21},"end":{"line":5,"column":22}},"loc":{"start":{"line":5,"column":31},"end":{"line":5,"column":43}},"line":5},"1":{"name":"(anonymous_1)","decl":{"start":{"line":6,"column":17},"end":{"line":6,"column":18}},"loc":{"start":{"line":6,"column":59},"end":{"line":38,"column":1}},"line":6},"2":{"name":"(anonymous_2)","decl":{"start":{"line":14,"column":24},"end":{"line":14,"column":25}},"loc":{"start":{"line":14,"column":38},"end":{"line":31,"column":31}},"line":14},"3":{"name":"(anonymous_3)","decl":{"start":{"line":15,"column":25},"end":{"line":15,"column":26}},"loc":{"start":{"line":15,"column":31},"end":{"line":21,"column":17}},"line":15},"4":{"name":"(anonymous_4)","decl":{"start":{"line":42,"column":31},"end":{"line":42,"column":32}},"loc":{"start":{"line":43,"column":4},"end":{"line":52,"column":5}},"line":43},"5":{"name":"(anonymous_5)","decl":{"start":{"line":46,"column":39},"end":{"line":46,"column":40}},"loc":{"start":{"line":46,"column":45},"end":{"line":48,"column":13}},"line":46}},"branchMap":{"0":{"loc":{"start":{"line":8,"column":4},"end":{"line":34,"column":5}},"type":"if","locations":[{"start":{"line":8,"column":4},"end":{"line":34,"column":5}},{"start":{"line":8,"column":4},"end":{"line":34,"column":5}}],"line":8},"1":{"loc":{"start":{"line":8,"column":8},"end":{"line":8,"column":46}},"type":"binary-expr","locations":[{"start":{"line":8,"column":8},"end":{"line":8,"column":18}},{"start":{"line":8,"column":22},"end":{"line":8,"column":46}}],"line":8},"2":{"loc":{"start":{"line":10,"column":11},"end":{"line":34,"column":5}},"type":"if","locations":[{"start":{"line":10,"column":11},"end":{"line":34,"column":5}},{"start":{"line":10,"column":11},"end":{"line":34,"column":5}}],"line":10}},"s":{"0":1,"1":2,"2":1,"3":3,"4":2,"5":1,"6":1,"7":2,"8":1,"9":3,"10":1,"11":1,"12":1,"13":0,"14":1},"f":{"0":2,"1":3,"2":2,"3":1,"4":1,"5":0},"b":{"0":[2,1],"1":[3,2],"2":[1,0]},"_coverageSchema":"43e27e138ebf9cfc5966b082cf9a028302ed4184","hash":"f320ce7f7651c88c6a46f6ceeccfb8368cad47bf"}
}
