TN:
SF:D:\projects\NYTMostViewed\pages\detailScreen\index.js
FN:4,DetailsScreen
FN:16,(anonymous_1)
FNF:2
FNH:2
FNDA:1,DetailsScreen
FNDA:1,(anonymous_1)
DA:5,1
DA:6,1
DA:7,1
DA:8,1
DA:16,1
DA:17,1
DA:21,1
LF:7
LH:7
BRF:0
BRH:0
end_of_record
TN:
SF:D:\projects\NYTMostViewed\pages\homeScreen\index.js
FN:5,(anonymous_0)
FN:6,(anonymous_1)
FN:14,(anonymous_2)
FN:15,(anonymous_3)
FN:42,(anonymous_4)
FN:46,(anonymous_5)
FNF:6
FNH:5
FNDA:2,(anonymous_0)
FNDA:3,(anonymous_1)
FNDA:2,(anonymous_2)
FNDA:1,(anonymous_3)
FNDA:1,(anonymous_4)
FNDA:0,(anonymous_5)
DA:5,2
DA:6,1
DA:8,3
DA:9,2
DA:10,1
DA:11,1
DA:14,2
DA:16,1
DA:35,3
DA:39,1
DA:42,1
DA:43,1
DA:47,0
DA:55,1
LF:14
LH:13
BRDA:8,0,0,2
BRDA:8,0,1,1
BRDA:8,1,0,3
BRDA:8,1,1,2
BRDA:10,2,0,1
BRDA:10,2,1,0
BRF:6
BRH:5
end_of_record
